2024-12-19 13:25:30,029 INFO:[31m[1mWARNING: This is a development server. Do not use it in a production deployment. Use a production WSGI server instead.[0m
 * Running on http://127.0.0.1:5000
2024-12-19 13:25:30,030 INFO:[33mPress CTRL+C to quit[0m
2024-12-19 13:25:30,032 INFO: * Restarting with stat
2024-12-19 13:25:31,158 WARNING: * Debugger is active!
2024-12-19 13:25:31,168 INFO: * Debugger PIN: 101-903-271
2024-12-19 13:27:58,113 INFO: * Detected change in 'E:\\Navata\\NAPS\\NAPSBE\\app.py', reloading
2024-12-19 13:27:58,239 INFO: * Restarting with stat
2024-12-19 13:27:59,661 WARNING: * Debugger is active!
2024-12-19 13:27:59,666 INFO: * Debugger PIN: 101-903-271
2024-12-19 13:28:02,709 INFO: * Detected change in 'E:\\Navata\\NAPS\\NAPSBE\\app.py', reloading
2024-12-19 13:28:02,842 INFO: * Restarting with stat
2024-12-19 13:29:28,558 INFO:[31m[1mWARNING: This is a development server. Do not use it in a production deployment. Use a production WSGI server instead.[0m
 * Running on http://127.0.0.1:5000
2024-12-19 13:29:28,558 INFO:[33mPress CTRL+C to quit[0m
2024-12-19 13:29:28,564 INFO: * Restarting with stat
2024-12-19 13:29:29,620 WARNING: * Debugger is active!
2024-12-19 13:29:29,620 INFO: * Debugger PIN: 101-903-271
2024-12-19 13:30:10,957 INFO: * Detected change in 'E:\\Navata\\NAPS\\NAPSBE\\app.py', reloading
2024-12-19 13:30:11,071 INFO: * Restarting with stat
2024-12-19 13:30:12,353 WARNING: * Debugger is active!
2024-12-19 13:30:12,353 INFO: * Debugger PIN: 101-903-271
2024-12-19 13:30:13,390 INFO: * Detected change in 'E:\\Navata\\NAPS\\NAPSBE\\app.py', reloading
2024-12-19 13:30:13,532 INFO: * Restarting with stat
2024-12-19 13:30:14,684 WARNING: * Debugger is active!
2024-12-19 13:30:14,684 INFO: * Debugger PIN: 101-903-271
2024-12-19 13:30:20,752 INFO: * Detected change in 'E:\\Navata\\NAPS\\NAPSBE\\app.py', reloading
2024-12-19 13:30:20,883 INFO: * Restarting with stat
2024-12-19 13:30:22,078 WARNING: * Debugger is active!
2024-12-19 13:30:22,095 INFO: * Debugger PIN: 101-903-271
2024-12-19 13:30:51,323 INFO: * Detected change in 'E:\\Navata\\NAPS\\NAPSBE\\app.py', reloading
2024-12-19 13:30:51,453 INFO: * Restarting with stat
2024-12-19 13:30:52,656 WARNING: * Debugger is active!
2024-12-19 13:30:52,656 INFO: * Debugger PIN: 101-903-271
2024-12-19 13:30:58,717 INFO: * Detected change in 'E:\\Navata\\NAPS\\NAPSBE\\app.py', reloading
2024-12-19 13:30:58,861 INFO: * Restarting with stat
2024-12-19 13:31:00,258 WARNING: * Debugger is active!
2024-12-19 13:31:00,264 INFO: * Debugger PIN: 101-903-271
2024-12-19 13:31:44,530 INFO: * Detected change in 'E:\\Navata\\NAPS\\NAPSBE\\app.py', reloading
2024-12-19 13:31:44,667 INFO: * Restarting with stat
2024-12-19 13:31:46,065 WARNING: * Debugger is active!
2024-12-19 13:31:46,072 INFO: * Debugger PIN: 101-903-271
2024-12-19 13:31:47,091 INFO: * Detected change in 'E:\\Navata\\NAPS\\NAPSBE\\app.py', reloading
2024-12-19 13:31:47,233 INFO: * Restarting with stat
2024-12-19 13:31:48,496 WARNING: * Debugger is active!
2024-12-19 13:31:48,515 INFO: * Debugger PIN: 101-903-271
2024-12-19 13:31:59,592 INFO: * Detected change in 'E:\\Navata\\NAPS\\NAPSBE\\app.py', reloading
2024-12-19 13:31:59,766 INFO: * Restarting with stat
2024-12-19 13:32:01,052 WARNING: * Debugger is active!
2024-12-19 13:32:01,072 INFO: * Debugger PIN: 101-903-271
2024-12-19 13:32:09,130 INFO: * Detected change in 'E:\\Navata\\NAPS\\NAPSBE\\app.py', reloading
2024-12-19 13:32:09,260 INFO: * Restarting with stat
2024-12-19 13:32:10,495 WARNING: * Debugger is active!
2024-12-19 13:32:10,495 INFO: * Debugger PIN: 101-903-271
2024-12-19 13:32:29,648 INFO: * Detected change in 'E:\\Navata\\NAPS\\NAPSBE\\app.py', reloading
2024-12-19 13:32:29,803 INFO: * Restarting with stat
2024-12-19 13:32:31,196 WARNING: * Debugger is active!
2024-12-19 13:32:31,199 INFO: * Debugger PIN: 101-903-271
2024-12-19 13:33:13,456 INFO: * Detected change in 'E:\\Navata\\NAPS\\NAPSBE\\app.py', reloading
2024-12-19 13:33:13,584 INFO: * Restarting with stat
2024-12-19 13:33:14,871 WARNING: * Debugger is active!
2024-12-19 13:33:14,876 INFO: * Debugger PIN: 101-903-271
2024-12-19 13:34:57,561 INFO: * Detected change in 'E:\\Navata\\NAPS\\NAPSBE\\app.py', reloading
2024-12-19 13:34:57,686 INFO: * Restarting with stat
2024-12-19 13:34:58,935 WARNING: * Debugger is active!
2024-12-19 13:34:58,935 INFO: * Debugger PIN: 101-903-271
2024-12-19 13:40:52,667 INFO: * Detected change in 'E:\\Navata\\NAPS\\NAPSBE\\models.py', reloading
2024-12-19 13:40:52,884 INFO: * Restarting with stat
2024-12-19 13:40:54,234 WARNING: * Debugger is active!
2024-12-19 13:40:54,234 INFO: * Debugger PIN: 101-903-271
2024-12-19 13:41:00,308 INFO: * Detected change in 'E:\\Navata\\NAPS\\NAPSBE\\app.py', reloading
2024-12-19 13:41:00,428 INFO: * Restarting with stat
2024-12-19 14:07:17,968 INFO:[31m[1mWARNING: This is a development server. Do not use it in a production deployment. Use a production WSGI server instead.[0m
 * Running on http://127.0.0.1:5000
2024-12-19 14:07:17,968 INFO:[33mPress CTRL+C to quit[0m
2024-12-19 14:07:17,973 INFO: * Restarting with stat
2024-12-19 14:07:19,298 WARNING: * Debugger is active!
2024-12-19 14:07:19,298 INFO: * Debugger PIN: 101-903-271
2024-12-19 14:46:33,302 INFO:127.0.0.1 - - [19/Dec/2024 14:46:33] "[31m[1mPOST / HTTP/1.1[0m" 405 -
2024-12-19 14:46:46,749 ERROR:Error creating admin: 'TextDoc' object is not callable
2024-12-19 14:46:46,752 INFO:127.0.0.1 - - [19/Dec/2024 14:46:46] "[35m[1mPOST /create-admin HTTP/1.1[0m" 500 -
2024-12-19 14:48:13,046 INFO: * Detected change in 'E:\\Navata\\NAPS\\NAPSBE\\app.py', reloading
2024-12-19 14:48:13,248 INFO: * Restarting with stat
2024-12-19 14:48:16,145 WARNING: * Debugger is active!
2024-12-19 14:48:16,151 INFO: * Debugger PIN: 101-903-271
2024-12-19 14:48:19,272 ERROR:Error creating admin: (pymysql.err.ProgrammingError) (1146, "Table 'naps.admins' doesn't exist")
[SQL: SELECT * FROM admins WHERE email = %(email)s]
[parameters: {'email': 'admin_email@example.com'}]
(Background on this error at: https://sqlalche.me/e/20/f405)
2024-12-19 14:48:19,272 INFO:127.0.0.1 - - [19/Dec/2024 14:48:19] "[35m[1mPOST /create-admin HTTP/1.1[0m" 500 -
2024-12-19 14:49:27,090 INFO: * Detected change in 'E:\\Navata\\NAPS\\NAPSBE\\app.py', reloading
2024-12-19 14:49:27,246 INFO: * Restarting with stat
2024-12-19 14:49:29,200 WARNING: * Debugger is active!
2024-12-19 14:49:29,214 INFO: * Debugger PIN: 101-903-271
2024-12-19 14:49:31,508 INFO:127.0.0.1 - - [19/Dec/2024 14:49:31] "[35m[1mPOST /create-admin HTTP/1.1[0m" 201 -
2024-12-19 14:52:18,701 INFO:127.0.0.1 - - [19/Dec/2024 14:52:18] "POST /admin/login HTTP/1.1" 200 -
2024-12-19 14:53:25,908 INFO:127.0.0.1 - - [19/Dec/2024 14:53:25] "[32mPOST /registrations HTTP/1.1[0m" 308 -
2024-12-19 14:53:25,941 INFO:127.0.0.1 - - [19/Dec/2024 14:53:25] "[35m[1mPOST /registrations/ HTTP/1.1[0m" 201 -
2024-12-19 15:00:05,058 INFO:127.0.0.1 - - [19/Dec/2024 15:00:05] "GET / HTTP/1.1" 200 -
2024-12-19 15:00:05,301 INFO:127.0.0.1 - - [19/Dec/2024 15:00:05] "GET /swaggerui/droid-sans.css HTTP/1.1" 200 -
2024-12-19 15:00:05,301 INFO:127.0.0.1 - - [19/Dec/2024 15:00:05] "GET /swaggerui/swagger-ui.css HTTP/1.1" 200 -
2024-12-19 15:00:06,192 INFO:127.0.0.1 - - [19/Dec/2024 15:00:06] "GET / HTTP/1.1" 200 -
2024-12-19 15:00:06,260 INFO:127.0.0.1 - - [19/Dec/2024 15:00:06] "[36mGET /swaggerui/droid-sans.css HTTP/1.1[0m" 304 -
2024-12-19 15:00:06,271 INFO:127.0.0.1 - - [19/Dec/2024 15:00:06] "[36mGET /swaggerui/swagger-ui.css HTTP/1.1[0m" 304 -
2024-12-19 15:00:08,821 INFO:127.0.0.1 - - [19/Dec/2024 15:00:08] "GET /swaggerui/swagger-ui-standalone-preset.js HTTP/1.1" 200 -
2024-12-19 15:00:08,839 INFO:127.0.0.1 - - [19/Dec/2024 15:00:08] "[36mGET /swaggerui/swagger-ui-standalone-preset.js HTTP/1.1[0m" 304 -
2024-12-19 15:00:08,886 INFO:127.0.0.1 - - [19/Dec/2024 15:00:08] "GET /swaggerui/swagger-ui-standalone-preset.js HTTP/1.1" 200 -
2024-12-19 15:00:08,892 INFO:127.0.0.1 - - [19/Dec/2024 15:00:08] "[36mGET /swaggerui/swagger-ui-standalone-preset.js HTTP/1.1[0m" 304 -
2024-12-19 15:00:12,934 INFO:127.0.0.1 - - [19/Dec/2024 15:00:12] "GET /swaggerui/swagger-ui-bundle.js HTTP/1.1" 200 -
2024-12-19 15:00:12,939 INFO:127.0.0.1 - - [19/Dec/2024 15:00:12] "[36mGET /swaggerui/swagger-ui-bundle.js HTTP/1.1[0m" 304 -
2024-12-19 15:00:13,094 INFO:127.0.0.1 - - [19/Dec/2024 15:00:13] "GET /swaggerui/swagger-ui-bundle.js HTTP/1.1" 200 -
2024-12-19 15:00:13,104 INFO:127.0.0.1 - - [19/Dec/2024 15:00:13] "[36mGET /swaggerui/swagger-ui-bundle.js HTTP/1.1[0m" 304 -
2024-12-19 15:00:13,270 INFO:127.0.0.1 - - [19/Dec/2024 15:00:13] "GET /swagger.json HTTP/1.1" 200 -
2024-12-19 15:00:13,282 INFO:127.0.0.1 - - [19/Dec/2024 15:00:13] "GET /swagger.json HTTP/1.1" 200 -
2024-12-19 15:00:13,289 INFO:127.0.0.1 - - [19/Dec/2024 15:00:13] "GET /swaggerui/favicon-32x32.png HTTP/1.1" 200 -
2024-12-19 15:00:13,338 INFO:127.0.0.1 - - [19/Dec/2024 15:00:13] "[36mGET /swaggerui/favicon-32x32.png HTTP/1.1[0m" 304 -
2024-12-19 15:00:32,593 INFO:127.0.0.1 - - [19/Dec/2024 15:00:32] "[35m[1mPOST /admin/logout HTTP/1.1[0m" 500 -
2024-12-19 15:01:06,618 INFO:127.0.0.1 - - [19/Dec/2024 15:01:06] "[35m[1mPOST /registrations/ HTTP/1.1[0m" 201 -
2024-12-19 15:01:15,676 INFO:127.0.0.1 - - [19/Dec/2024 15:01:15] "[35m[1mPOST /registrations/ HTTP/1.1[0m" 500 -
2024-12-20 11:19:48,062 INFO:127.0.0.1 - - [20/Dec/2024 11:19:48] "[31m[1mPOST /admin/login HTTP/1.1[0m" 401 -
2024-12-20 11:20:07,065 INFO:127.0.0.1 - - [20/Dec/2024 11:20:07] "[33mPOST /register HTTP/1.1[0m" 404 -
2024-12-20 11:20:26,734 INFO:127.0.0.1 - - [20/Dec/2024 11:20:26] "GET / HTTP/1.1" 200 -
2024-12-20 11:20:26,788 INFO:127.0.0.1 - - [20/Dec/2024 11:20:26] "[36mGET /swaggerui/droid-sans.css HTTP/1.1[0m" 304 -
2024-12-20 11:20:26,804 INFO:127.0.0.1 - - [20/Dec/2024 11:20:26] "[36mGET /swaggerui/swagger-ui.css HTTP/1.1[0m" 304 -
2024-12-20 11:20:28,799 INFO:127.0.0.1 - - [20/Dec/2024 11:20:28] "[36mGET /swaggerui/swagger-ui-standalone-preset.js HTTP/1.1[0m" 304 -
2024-12-20 11:20:31,348 INFO:127.0.0.1 - - [20/Dec/2024 11:20:31] "[36mGET /swaggerui/swagger-ui-bundle.js HTTP/1.1[0m" 304 -
2024-12-20 11:20:31,812 INFO:127.0.0.1 - - [20/Dec/2024 11:20:31] "GET /swaggerui/favicon-32x32.png HTTP/1.1" 200 -
2024-12-20 11:20:31,922 INFO:127.0.0.1 - - [20/Dec/2024 11:20:31] "GET /swagger.json HTTP/1.1" 200 -
2024-12-20 11:20:31,926 INFO:127.0.0.1 - - [20/Dec/2024 11:20:31] "[36mGET /swaggerui/favicon-32x32.png HTTP/1.1[0m" 304 -
2024-12-22 11:28:03,630 INFO:[31m[1mWARNING: This is a development server. Do not use it in a production deployment. Use a production WSGI server instead.[0m
 * Running on http://127.0.0.1:5000
2024-12-22 11:28:03,630 INFO:[33mPress CTRL+C to quit[0m
2024-12-22 11:28:03,630 INFO: * Restarting with stat
2024-12-22 11:28:05,460 WARNING: * Debugger is active!
2024-12-22 11:28:05,482 INFO: * Debugger PIN: 101-903-271
2024-12-22 11:30:55,622 INFO:[31m[1mWARNING: This is a development server. Do not use it in a production deployment. Use a production WSGI server instead.[0m
 * Running on http://127.0.0.1:5000
2024-12-22 11:30:55,622 INFO:[33mPress CTRL+C to quit[0m
2024-12-22 11:30:55,622 INFO: * Restarting with stat
2024-12-22 11:30:56,952 WARNING: * Debugger is active!
2024-12-22 11:30:56,960 INFO: * Debugger PIN: 101-903-271
2024-12-22 11:57:17,678 INFO:[31m[1mWARNING: This is a development server. Do not use it in a production deployment. Use a production WSGI server instead.[0m
 * Running on http://127.0.0.1:5000
2024-12-22 11:57:17,678 INFO:[33mPress CTRL+C to quit[0m
2024-12-22 11:57:17,681 INFO: * Restarting with stat
2024-12-22 11:57:19,108 WARNING: * Debugger is active!
2024-12-22 11:57:19,115 INFO: * Debugger PIN: 101-903-271
2024-12-22 12:18:25,365 INFO:[31m[1mWARNING: This is a development server. Do not use it in a production deployment. Use a production WSGI server instead.[0m
 * Running on http://127.0.0.1:5000
2024-12-22 12:18:25,456 INFO:[33mPress CTRL+C to quit[0m
2024-12-22 12:18:25,531 INFO: * Restarting with stat
2024-12-22 12:18:44,916 WARNING: * Debugger is active!
2024-12-22 12:18:44,970 INFO: * Debugger PIN: 101-903-271
2024-12-22 15:31:41,353 INFO:127.0.0.1 - - [22/Dec/2024 15:31:41] "[35m[1mPOST /create-admin HTTP/1.1[0m" 201 -
2024-12-22 15:36:24,992 INFO: * Detected change in 'E:\\Navata\\NAPS\\napsbe\\app.py', reloading
2024-12-22 15:36:25,200 INFO: * Restarting with stat
2024-12-22 15:36:27,566 WARNING: * Debugger is active!
2024-12-22 15:36:27,571 INFO: * Debugger PIN: 101-903-271
2024-12-22 15:37:50,013 INFO:127.0.0.1 - - [22/Dec/2024 15:37:50] "OPTIONS /admin/login HTTP/1.1" 200 -
2024-12-22 15:37:50,183 INFO:127.0.0.1 - - [22/Dec/2024 15:37:50] "POST /admin/login HTTP/1.1" 200 -
2024-12-22 15:47:29,027 INFO:127.0.0.1 - - [22/Dec/2024 15:47:29] "OPTIONS /admin/login HTTP/1.1" 200 -
2024-12-22 15:47:29,151 INFO:127.0.0.1 - - [22/Dec/2024 15:47:29] "POST /admin/login HTTP/1.1" 200 -
2024-12-22 15:47:49,662 INFO:127.0.0.1 - - [22/Dec/2024 15:47:49] "OPTIONS /admin/login HTTP/1.1" 200 -
2024-12-22 15:47:49,783 INFO:127.0.0.1 - - [22/Dec/2024 15:47:49] "POST /admin/login HTTP/1.1" 200 -
2024-12-22 16:02:43,123 INFO:[31m[1mWARNING: This is a development server. Do not use it in a production deployment. Use a production WSGI server instead.[0m
 * Running on http://127.0.0.1:5000
2024-12-22 16:02:43,139 INFO:[33mPress CTRL+C to quit[0m
2024-12-22 16:02:43,143 INFO: * Restarting with stat
2024-12-22 16:02:45,154 WARNING: * Debugger is active!
2024-12-22 16:02:45,160 INFO: * Debugger PIN: 101-903-271
2024-12-27 11:19:43,474 INFO:[31m[1mWARNING: This is a development server. Do not use it in a production deployment. Use a production WSGI server instead.[0m
 * Running on http://127.0.0.1:5000
2024-12-27 11:19:43,474 INFO:[33mPress CTRL+C to quit[0m
2024-12-27 11:19:43,481 INFO: * Restarting with stat
2024-12-27 11:19:45,043 WARNING: * Debugger is active!
2024-12-27 11:19:45,058 INFO: * Debugger PIN: 101-903-271
2024-12-27 11:22:07,835 INFO: * Detected change in 'E:\\Navata\\NAPS\\NAPSBE\\models.py', reloading
2024-12-27 11:22:08,016 INFO: * Restarting with stat
2024-12-27 11:22:09,860 WARNING: * Debugger is active!
2024-12-27 11:22:09,870 INFO: * Debugger PIN: 101-903-271
2024-12-27 11:22:14,945 INFO: * Detected change in 'E:\\Navata\\NAPS\\NAPSBE\\models.py', reloading
2024-12-27 11:22:15,170 INFO: * Restarting with stat
2024-12-27 11:22:17,010 WARNING: * Debugger is active!
2024-12-27 11:22:17,013 INFO: * Debugger PIN: 101-903-271
2024-12-27 11:22:20,056 INFO: * Detected change in 'E:\\Navata\\NAPS\\NAPSBE\\models.py', reloading
2024-12-27 11:22:20,230 INFO: * Restarting with stat
2024-12-27 11:22:21,983 WARNING: * Debugger is active!
2024-12-27 11:22:21,990 INFO: * Debugger PIN: 101-903-271
2024-12-27 11:23:17,611 INFO: * Detected change in 'E:\\Navata\\NAPS\\NAPSBE\\app.py', reloading
2024-12-27 11:23:17,781 INFO: * Restarting with stat
2024-12-27 11:23:19,374 WARNING: * Debugger is active!
2024-12-27 11:23:19,374 INFO: * Debugger PIN: 101-903-271
2024-12-27 11:26:06,423 INFO:127.0.0.1 - - [27/Dec/2024 11:26:06] "[35m[1mPOST /register HTTP/1.1[0m" 500 -
2024-12-27 11:28:19,669 INFO: * Detected change in 'E:\\Navata\\NAPS\\NAPSBE\\models.py', reloading
2024-12-27 11:28:19,898 INFO: * Restarting with stat
2024-12-27 11:28:21,699 WARNING: * Debugger is active!
2024-12-27 11:28:21,704 INFO: * Debugger PIN: 101-903-271
2024-12-27 11:28:25,499 INFO:127.0.0.1 - - [27/Dec/2024 11:28:25] "[35m[1mPOST /register HTTP/1.1[0m" 500 -
2024-12-27 11:29:59,090 INFO: * Detected change in 'E:\\Navata\\NAPS\\NAPSBE\\models.py', reloading
2024-12-27 11:29:59,310 INFO: * Restarting with stat
2024-12-27 11:30:50,512 INFO:[31m[1mWARNING: This is a development server. Do not use it in a production deployment. Use a production WSGI server instead.[0m
 * Running on http://127.0.0.1:5000
2024-12-27 11:30:50,512 INFO:[33mPress CTRL+C to quit[0m
2024-12-27 11:30:50,519 INFO: * Restarting with stat
2024-12-27 11:30:52,050 WARNING: * Debugger is active!
2024-12-27 11:30:52,055 INFO: * Debugger PIN: 101-903-271
2024-12-27 11:30:56,801 INFO:127.0.0.1 - - [27/Dec/2024 11:30:56] "[35m[1mPOST /register HTTP/1.1[0m" 500 -
2024-12-27 11:34:00,516 INFO: * Detected change in 'E:\\Navata\\NAPS\\NAPSBE\\models.py', reloading
2024-12-27 11:34:00,689 INFO: * Restarting with stat
2024-12-27 11:35:40,317 INFO:[31m[1mWARNING: This is a development server. Do not use it in a production deployment. Use a production WSGI server instead.[0m
 * Running on http://127.0.0.1:5000
2024-12-27 11:35:40,318 INFO:[33mPress CTRL+C to quit[0m
2024-12-27 11:35:40,319 INFO: * Restarting with stat
2024-12-27 11:35:41,820 WARNING: * Debugger is active!
2024-12-27 11:35:41,829 INFO: * Debugger PIN: 101-903-271
2024-12-27 11:35:53,134 INFO:127.0.0.1 - - [27/Dec/2024 11:35:53] "[35m[1mPOST /register HTTP/1.1[0m" 500 -
2024-12-27 11:37:20,193 INFO: * Detected change in 'E:\\Navata\\NAPS\\NAPSBE\\app.py', reloading
2024-12-27 11:37:20,426 INFO: * Restarting with stat
2024-12-27 11:37:22,692 WARNING: * Debugger is active!
2024-12-27 11:37:22,696 INFO: * Debugger PIN: 101-903-271
2024-12-27 11:37:44,946 INFO: * Detected change in 'E:\\Navata\\NAPS\\NAPSBE\\app.py', reloading
2024-12-27 11:37:45,137 INFO: * Restarting with stat
2024-12-27 11:37:46,851 WARNING: * Debugger is active!
2024-12-27 11:37:46,862 INFO: * Debugger PIN: 101-903-271
2024-12-27 11:37:48,907 INFO: * Detected change in 'E:\\Navata\\NAPS\\NAPSBE\\app.py', reloading
2024-12-27 11:37:49,135 INFO: * Restarting with stat
2024-12-27 11:37:50,791 WARNING: * Debugger is active!
2024-12-27 11:37:50,798 INFO: * Debugger PIN: 101-903-271
2024-12-27 11:37:56,873 INFO: * Detected change in 'E:\\Navata\\NAPS\\NAPSBE\\app.py', reloading
2024-12-27 11:37:57,067 INFO: * Restarting with stat
2024-12-27 11:37:58,683 WARNING: * Debugger is active!
2024-12-27 11:37:58,691 INFO: * Debugger PIN: 101-903-271
2024-12-27 11:38:36,631 INFO:127.0.0.1 - - [27/Dec/2024 11:38:36] "[35m[1mPOST /register HTTP/1.1[0m" 500 -
2024-12-27 11:38:54,023 INFO:127.0.0.1 - - [27/Dec/2024 11:38:54] "[35m[1mPOST /register HTTP/1.1[0m" 500 -
2024-12-27 11:41:59,961 INFO: * Detected change in 'E:\\Navata\\NAPS\\NAPSBE\\app.py', reloading
2024-12-27 11:42:00,185 INFO: * Restarting with stat
2024-12-27 11:42:02,050 WARNING: * Debugger is active!
2024-12-27 11:42:02,053 INFO: * Debugger PIN: 101-903-271
2024-12-27 11:42:05,111 INFO: * Detected change in 'E:\\Navata\\NAPS\\NAPSBE\\app.py', reloading
2024-12-27 11:42:05,281 INFO: * Restarting with stat
2024-12-27 11:42:06,726 WARNING: * Debugger is active!
2024-12-27 11:42:06,730 INFO: * Debugger PIN: 101-903-271
2024-12-27 11:42:08,761 INFO: * Detected change in 'E:\\Navata\\NAPS\\NAPSBE\\app.py', reloading
2024-12-27 11:42:08,921 INFO: * Restarting with stat
2024-12-27 11:42:10,526 WARNING: * Debugger is active!
2024-12-27 11:42:10,530 INFO: * Debugger PIN: 101-903-271
2024-12-27 11:42:11,557 INFO: * Detected change in 'E:\\Navata\\NAPS\\NAPSBE\\app.py', reloading
2024-12-27 11:42:11,721 INFO: * Restarting with stat
2024-12-27 11:42:13,356 WARNING: * Debugger is active!
2024-12-27 11:42:13,361 INFO: * Debugger PIN: 101-903-271
2024-12-27 11:42:14,388 INFO: * Detected change in 'E:\\Navata\\NAPS\\NAPSBE\\app.py', reloading
2024-12-27 11:42:14,551 INFO: * Restarting with stat
2024-12-27 11:42:16,096 WARNING: * Debugger is active!
2024-12-27 11:42:16,096 INFO: * Debugger PIN: 101-903-271
2024-12-27 11:42:19,146 INFO: * Detected change in 'E:\\Navata\\NAPS\\NAPSBE\\app.py', reloading
2024-12-27 11:42:19,313 INFO: * Restarting with stat
2024-12-27 11:42:20,851 WARNING: * Debugger is active!
2024-12-27 11:42:20,858 INFO: * Debugger PIN: 101-903-271
2024-12-27 11:42:23,904 INFO: * Detected change in 'E:\\Navata\\NAPS\\NAPSBE\\app.py', reloading
2024-12-27 11:42:24,092 INFO: * Restarting with stat
2024-12-27 11:42:25,615 WARNING: * Debugger is active!
2024-12-27 11:42:25,621 INFO: * Debugger PIN: 101-903-271
2024-12-27 11:42:29,671 INFO: * Detected change in 'E:\\Navata\\NAPS\\NAPSBE\\app.py', reloading
2024-12-27 11:42:29,826 INFO: * Restarting with stat
2024-12-27 11:42:31,391 WARNING: * Debugger is active!
2024-12-27 11:42:31,437 INFO: * Debugger PIN: 101-903-271
2024-12-27 11:42:31,492 INFO: * Detected change in 'E:\\Navata\\NAPS\\NAPSBE\\app.py', reloading
2024-12-27 11:42:31,676 INFO: * Restarting with stat
2024-12-27 11:42:33,172 WARNING: * Debugger is active!
2024-12-27 11:42:33,182 INFO: * Debugger PIN: 101-903-271
2024-12-27 11:42:34,206 INFO: * Detected change in 'E:\\Navata\\NAPS\\NAPSBE\\app.py', reloading
2024-12-27 11:42:34,386 INFO: * Restarting with stat
2024-12-27 11:42:35,891 WARNING: * Debugger is active!
2024-12-27 11:42:35,896 INFO: * Debugger PIN: 101-903-271
2024-12-27 11:42:37,934 INFO: * Detected change in 'E:\\Navata\\NAPS\\NAPSBE\\app.py', reloading
2024-12-27 11:42:38,098 INFO: * Restarting with stat
2024-12-27 11:42:39,701 WARNING: * Debugger is active!
2024-12-27 11:42:39,701 INFO: * Debugger PIN: 101-903-271
2024-12-27 11:42:43,753 INFO: * Detected change in 'E:\\Navata\\NAPS\\NAPSBE\\app.py', reloading
2024-12-27 11:42:43,911 INFO: * Restarting with stat
2024-12-27 11:42:45,401 WARNING: * Debugger is active!
2024-12-27 11:42:45,411 INFO: * Debugger PIN: 101-903-271
2024-12-27 11:42:47,446 INFO: * Detected change in 'E:\\Navata\\NAPS\\NAPSBE\\app.py', reloading
2024-12-27 11:42:47,609 INFO: * Restarting with stat
2024-12-27 11:42:49,176 WARNING: * Debugger is active!
2024-12-27 11:42:49,176 INFO: * Debugger PIN: 101-903-271
2024-12-27 11:42:51,203 INFO: * Detected change in 'E:\\Navata\\NAPS\\NAPSBE\\app.py', reloading
2024-12-27 11:42:51,369 INFO: * Restarting with stat
2024-12-27 11:42:52,931 WARNING: * Debugger is active!
2024-12-27 11:42:52,936 INFO: * Debugger PIN: 101-903-271
2024-12-27 11:42:54,972 INFO: * Detected change in 'E:\\Navata\\NAPS\\NAPSBE\\app.py', reloading
2024-12-27 11:42:55,149 INFO: * Restarting with stat
2024-12-27 11:42:56,731 WARNING: * Debugger is active!
2024-12-27 11:42:56,733 INFO: * Debugger PIN: 101-903-271
2024-12-27 11:42:57,763 INFO: * Detected change in 'E:\\Navata\\NAPS\\NAPSBE\\app.py', reloading
2024-12-27 11:42:57,911 INFO: * Restarting with stat
2024-12-27 11:42:59,581 WARNING: * Debugger is active!
2024-12-27 11:42:59,585 INFO: * Debugger PIN: 101-903-271
2024-12-27 11:43:02,628 INFO: * Detected change in 'E:\\Navata\\NAPS\\NAPSBE\\app.py', reloading
2024-12-27 11:43:02,793 INFO: * Restarting with stat
2024-12-27 11:43:04,411 WARNING: * Debugger is active!
2024-12-27 11:43:04,414 INFO: * Debugger PIN: 101-903-271
2024-12-27 11:43:08,463 INFO: * Detected change in 'E:\\Navata\\NAPS\\NAPSBE\\app.py', reloading
2024-12-27 11:43:08,631 INFO: * Restarting with stat
2024-12-27 11:43:10,481 WARNING: * Debugger is active!
2024-12-27 11:43:10,488 INFO: * Debugger PIN: 101-903-271
2024-12-27 11:43:11,516 INFO: * Detected change in 'E:\\Navata\\NAPS\\NAPSBE\\app.py', reloading
2024-12-27 11:43:11,671 INFO: * Restarting with stat
2024-12-27 11:43:13,285 WARNING: * Debugger is active!
2024-12-27 11:43:13,292 INFO: * Debugger PIN: 101-903-271
2024-12-27 11:43:15,326 INFO: * Detected change in 'E:\\Navata\\NAPS\\NAPSBE\\app.py', reloading
2024-12-27 11:43:15,481 INFO: * Restarting with stat
2024-12-27 11:43:17,171 WARNING: * Debugger is active!
2024-12-27 11:43:17,176 INFO: * Debugger PIN: 101-903-271
2024-12-27 11:43:20,220 INFO: * Detected change in 'E:\\Navata\\NAPS\\NAPSBE\\app.py', reloading
2024-12-27 11:43:20,395 INFO: * Restarting with stat
2024-12-27 11:43:22,125 WARNING: * Debugger is active!
2024-12-27 11:43:22,128 INFO: * Debugger PIN: 101-903-271
2024-12-27 11:43:35,258 INFO: * Detected change in 'E:\\Navata\\NAPS\\NAPSBE\\app.py', reloading
2024-12-27 11:43:35,438 INFO: * Restarting with stat
2024-12-27 11:43:37,217 WARNING: * Debugger is active!
2024-12-27 11:43:37,217 INFO: * Debugger PIN: 101-903-271
2024-12-27 11:43:45,321 INFO: * Detected change in 'E:\\Navata\\NAPS\\NAPSBE\\app.py', reloading
2024-12-27 11:43:45,487 INFO: * Restarting with stat
2024-12-27 11:43:47,277 WARNING: * Debugger is active!
2024-12-27 11:43:47,287 INFO: * Debugger PIN: 101-903-271
2024-12-27 11:43:51,505 INFO:127.0.0.1 - - [27/Dec/2024 11:43:51] "[35m[1mPOST /register HTTP/1.1[0m" 201 -
2024-12-27 11:59:38,429 INFO:127.0.0.1 - - [27/Dec/2024 11:59:38] "[35m[1mPOST /register HTTP/1.1[0m" 201 -
